<?xml version="1.0" encoding="UTF-8"?>
<!-- Generated by org.testng.reporters.JUnitXMLReporter -->
<testsuite ignored="0" hostname="LAPTOP-U43BFJ90" failures="0" tests="3" name="Test" time="8.219" errors="0" timestamp="2025-08-26T17:13:13 EDT">
  <testcase classname="axeFirst.tests.Agile1TechTitleTest" name="testResultsOnAgile1TechTitle" time="0.818"/>
  <testcase classname="axeFirst.tests.Agile1TechTitleTest" name="testResultsOnAgile1TechTitle" time="1.816"/>
  <testcase classname="axeFirst.tests.Agile1TechPortalCareerBtnTest" name="testResultsOnAgile1TechElementButton" time="1.457"/>
</testsuite> <!-- Test -->
